[debug] [2023-02-04T20:47:55.324Z] ----------------------------------------------------------------------
[debug] [2023-02-04T20:47:55.325Z] Command:       C:\Program Files\nodejs\node.exe C:\Program Files\nodejs\node_modules\firebase-tools\lib\bin\firebase.js init
[debug] [2023-02-04T20:47:55.325Z] CLI Version:   11.18.0
[debug] [2023-02-04T20:47:55.325Z] Platform:      win32
[debug] [2023-02-04T20:47:55.325Z] Node Version:  v16.17.0
[debug] [2023-02-04T20:47:55.326Z] Time:          Sat Feb 04 2023 21:47:55 GMT+0100 (hora estándar de Europa central)
[debug] [2023-02-04T20:47:55.326Z] ----------------------------------------------------------------------
[debug] 
[debug] [2023-02-04T20:47:55.363Z] > command requires scopes: ["email","openid","https://www.googleapis.com/auth/cloudplatformprojects.readonly","https://www.googleapis.com/auth/firebase","https://www.googleapis.com/auth/cloud-platform"]
[debug] [2023-02-04T20:47:55.364Z] > authorizing via signed-in user (desarrolloaplicacionesweb.jmlb@gmail.com)
[info] 
     ######## #### ########  ######## ########     ###     ######  ########
     ##        ##  ##     ## ##       ##     ##  ##   ##  ##       ##
     ######    ##  ########  ######   ########  #########  ######  ######
     ##        ##  ##    ##  ##       ##     ## ##     ##       ## ##
     ##       #### ##     ## ######## ########  ##     ##  ######  ########

You're about to initialize a Firebase project in this directory:

  C:\__XZONE__\____02 ZONA DE APRENDIZAJE____\01 CURSOS\05 Curso de Angular\06 curso-angular-PWA

Before we get started, keep in mind:

  * You are currently outside your home directory
  * You are initializing within an existing Firebase project directory

[info] 
=== Project Setup
[info] 
[info] First, let's associate this project directory with a Firebase project.
[info] You can create multiple project aliases by running firebase use --add, 
[info] but for now we'll just set up a default project.
[info] 
[debug] [2023-02-04T20:50:14.959Z] Using project from CLI flag: angular-pwa-platzi
[debug] [2023-02-04T20:50:14.961Z] >>> [apiv2][query] GET https://firebase.googleapis.com/v1beta1/projects/angular-pwa-platzi [none]
[debug] [2023-02-04T20:50:15.272Z] <<< [apiv2][status] GET https://firebase.googleapis.com/v1beta1/projects/angular-pwa-platzi 403
[debug] [2023-02-04T20:50:15.272Z] <<< [apiv2][body] GET https://firebase.googleapis.com/v1beta1/projects/angular-pwa-platzi {"error":{"code":403,"message":"The caller does not have permission","status":"PERMISSION_DENIED"}}
[debug] [2023-02-04T20:50:15.272Z] HTTP Error: 403, The caller does not have permission
[debug] [2023-02-04T20:50:15.274Z] FirebaseError: HTTP Error: 403, The caller does not have permission
    at responseToError (C:\Users\desar\AppData\Roaming\nvm\v16.17.0\node_modules\firebase-tools\lib\responseToError.js:49:12)
    at RetryOperation._fn (C:\Users\desar\AppData\Roaming\nvm\v16.17.0\node_modules\firebase-tools\lib\apiv2.js:288:77)
    at processTicksAndRejections (node:internal/process/task_queues:96:5)
[error] 
[error] Error: Failed to get Firebase project angular-pwa-platzi. Please make sure the project exists and your account has permission to access it.
[debug] [2023-02-04T20:54:37.869Z] ----------------------------------------------------------------------
[debug] [2023-02-04T20:54:37.870Z] Command:       C:\Program Files\nodejs\node.exe C:\Program Files\nodejs\node_modules\firebase-tools\lib\bin\firebase.js init
[debug] [2023-02-04T20:54:37.870Z] CLI Version:   11.18.0
[debug] [2023-02-04T20:54:37.870Z] Platform:      win32
[debug] [2023-02-04T20:54:37.870Z] Node Version:  v16.17.0
[debug] [2023-02-04T20:54:37.871Z] Time:          Sat Feb 04 2023 21:54:37 GMT+0100 (hora estándar de Europa central)
[debug] [2023-02-04T20:54:37.871Z] ----------------------------------------------------------------------
[debug] 
[debug] [2023-02-04T20:54:37.876Z] > command requires scopes: ["email","openid","https://www.googleapis.com/auth/cloudplatformprojects.readonly","https://www.googleapis.com/auth/firebase","https://www.googleapis.com/auth/cloud-platform"]
[debug] [2023-02-04T20:54:37.876Z] > authorizing via signed-in user (desarrolloaplicacionesweb.jmlb@gmail.com)
[info] 
     ######## #### ########  ######## ########     ###     ######  ########
     ##        ##  ##     ## ##       ##     ##  ##   ##  ##       ##
     ######    ##  ########  ######   ########  #########  ######  ######
     ##        ##  ##    ##  ##       ##     ## ##     ##       ## ##
     ##       #### ##     ## ######## ########  ##     ##  ######  ########

You're about to initialize a Firebase project in this directory:

  C:\__XZONE__\____02 ZONA DE APRENDIZAJE____\01 CURSOS\05 Curso de Angular\06 curso-angular-PWA

Before we get started, keep in mind:

  * You are currently outside your home directory

[info] 
=== Project Setup
[info] 
[info] First, let's associate this project directory with a Firebase project.
[info] You can create multiple project aliases by running firebase use --add, 
[info] but for now we'll just set up a default project.
[info] 
[debug] [2023-02-04T20:54:44.788Z] Using project from CLI flag: angular-curso-pwa
[debug] [2023-02-04T20:54:44.791Z] >>> [apiv2][query] GET https://firebase.googleapis.com/v1beta1/projects/angular-curso-pwa [none]
[debug] [2023-02-04T20:54:45.152Z] <<< [apiv2][status] GET https://firebase.googleapis.com/v1beta1/projects/angular-curso-pwa 403
[debug] [2023-02-04T20:54:45.152Z] <<< [apiv2][body] GET https://firebase.googleapis.com/v1beta1/projects/angular-curso-pwa {"error":{"code":403,"message":"The caller does not have permission","status":"PERMISSION_DENIED"}}
[debug] [2023-02-04T20:54:45.153Z] HTTP Error: 403, The caller does not have permission
[debug] [2023-02-04T20:54:45.154Z] FirebaseError: HTTP Error: 403, The caller does not have permission
    at responseToError (C:\Users\desar\AppData\Roaming\nvm\v16.17.0\node_modules\firebase-tools\lib\responseToError.js:49:12)
    at RetryOperation._fn (C:\Users\desar\AppData\Roaming\nvm\v16.17.0\node_modules\firebase-tools\lib\apiv2.js:288:77)
    at processTicksAndRejections (node:internal/process/task_queues:96:5)
[error] 
[error] Error: Failed to get Firebase project angular-curso-pwa. Please make sure the project exists and your account has permission to access it.
[debug] [2023-02-04T20:55:24.018Z] ----------------------------------------------------------------------
[debug] [2023-02-04T20:55:24.019Z] Command:       C:\Program Files\nodejs\node.exe C:\Program Files\nodejs\node_modules\firebase-tools\lib\bin\firebase.js init
[debug] [2023-02-04T20:55:24.020Z] CLI Version:   11.18.0
[debug] [2023-02-04T20:55:24.020Z] Platform:      win32
[debug] [2023-02-04T20:55:24.020Z] Node Version:  v16.17.0
[debug] [2023-02-04T20:55:24.021Z] Time:          Sat Feb 04 2023 21:55:24 GMT+0100 (hora estándar de Europa central)
[debug] [2023-02-04T20:55:24.021Z] ----------------------------------------------------------------------
[debug] 
[debug] [2023-02-04T20:55:24.025Z] > command requires scopes: ["email","openid","https://www.googleapis.com/auth/cloudplatformprojects.readonly","https://www.googleapis.com/auth/firebase","https://www.googleapis.com/auth/cloud-platform"]
[debug] [2023-02-04T20:55:24.026Z] > authorizing via signed-in user (desarrolloaplicacionesweb.jmlb@gmail.com)
[info] 
     ######## #### ########  ######## ########     ###     ######  ########
     ##        ##  ##     ## ##       ##     ##  ##   ##  ##       ##
     ######    ##  ########  ######   ########  #########  ######  ######
     ##        ##  ##    ##  ##       ##     ## ##     ##       ## ##
     ##       #### ##     ## ######## ########  ##     ##  ######  ########

You're about to initialize a Firebase project in this directory:

  C:\__XZONE__\____02 ZONA DE APRENDIZAJE____\01 CURSOS\05 Curso de Angular\06 curso-angular-PWA

Before we get started, keep in mind:

  * You are currently outside your home directory

[info] 
=== Project Setup
[info] 
[info] First, let's associate this project directory with a Firebase project.
[info] You can create multiple project aliases by running firebase use --add, 
[info] but for now we'll just set up a default project.
[info] 
[debug] [2023-02-04T20:55:32.654Z] Using project from CLI flag: curso-angular-pwa
[debug] [2023-02-04T20:55:32.655Z] >>> [apiv2][query] GET https://firebase.googleapis.com/v1beta1/projects/curso-angular-pwa [none]
[debug] [2023-02-04T20:55:32.981Z] <<< [apiv2][status] GET https://firebase.googleapis.com/v1beta1/projects/curso-angular-pwa 200
[debug] [2023-02-04T20:55:32.981Z] <<< [apiv2][body] GET https://firebase.googleapis.com/v1beta1/projects/curso-angular-pwa {"projectId":"curso-angular-pwa","projectNumber":"735057917032","displayName":"curso-angular-pwa","name":"projects/curso-angular-pwa","resources":{"hostingSite":"curso-angular-pwa"},"state":"ACTIVE","etag":"1_0c90ac39-5766-488a-8fdc-3ef752b30de7"}
[info] i  Using project curso-angular-pwa (curso-angular-pwa) 
[info] 
=== Hosting Setup
[info] 
[info] Your public directory is the folder (relative to your project directory) that
[info] will contain Hosting assets to be uploaded with firebase deploy. If you
[info] have a build process for your assets, use your build's output directory.
[info] 
[info] +  Wrote dist/404.html 
[debug] [2023-02-04T20:57:29.058Z] >>> [apiv2][query] GET https://www.gstatic.com/firebasejs/releases.json [none]
[debug] [2023-02-04T20:57:29.206Z] <<< [apiv2][status] GET https://www.gstatic.com/firebasejs/releases.json 200
[debug] [2023-02-04T20:57:29.206Z] <<< [apiv2][body] GET https://www.gstatic.com/firebasejs/releases.json {"current":{"version":"9.17.1","browserURL":"https://www.gstatic.com/firebasejs/9.17.1/firebase.js","packageURL":"https://www.gstatic.com/firebasejs/9.17.1/firebase.tgz"},"live":{"version":"9.17","browserURL":"https://www.gstatic.com/firebasejs/live/9.17/firebase.js","packageURL":"https://www.gstatic.com/firebasejs/live/9.17/firebase.tgz"},"components":{"analytics":"https://www.gstatic.com/firebasejs/9.17.1/firebase-analytics.js","app":"https://www.gstatic.com/firebasejs/9.17.1/firebase-app.js","app-check":"https://www.gstatic.com/firebasejs/9.17.1/firebase-app-check.js","auth":"https://www.gstatic.com/firebasejs/9.17.1/firebase-auth.js","auth/cordova":"https://www.gstatic.com/firebasejs/9.17.1/firebase-auth/cordova.js","auth/react-native":"https://www.gstatic.com/firebasejs/9.17.1/firebase-auth/react-native.js","functions":"https://www.gstatic.com/firebasejs/9.17.1/firebase-functions.js","firestore":"https://www.gstatic.com/firebasejs/9.17.1/firebase-firestore.js","firestore/lite":"https://www.gstatic.com/firebasejs/9.17.1/firebase-firestore/lite.js","installations":"https://www.gstatic.com/firebasejs/9.17.1/firebase-installations.js","storage":"https://www.gstatic.com/firebasejs/9.17.1/firebase-storage.js","performance":"https://www.gstatic.com/firebasejs/9.17.1/firebase-performance.js","remote-config":"https://www.gstatic.com/firebasejs/9.17.1/firebase-remote-config.js","messaging":"https://www.gstatic.com/firebasejs/9.17.1/firebase-messaging.js","messaging/sw":"https://www.gstatic.com/firebasejs/9.17.1/firebase-messaging/sw.js","database":"https://www.gstatic.com/firebasejs/9.17.1/firebase-database.js","firestore.memory":"https://www.gstatic.com/firebasejs/9.17.1/firebase-firestore.memory.js"}}
[info] +  Wrote dist/index.html 
[info] 
[info] i  Didn't detect a .git folder. Assuming C:\__XZONE__\____02 ZONA DE APRENDIZAJE____\01 CURSOS\05 Curso de Angular\06 curso-angular-PWA is the project root. 
[info] i  Authorizing with GitHub to upload your service account to a GitHub repository's secrets store. 
[info] 
[info] Visit this URL on this device to log in:
[info] https://github.com/login/oauth/authorize?client_id=89cf50f02ac6aaed3484&state=330508218&redirect_uri=http%3A%2F%2Flocalhost%3A9005&scope=read%3Auser%20repo%20public_repo
[info] 
[info] Waiting for authentication...
[debug] [2023-02-04T20:58:04.452Z] >>> [apiv2][query] POST https://github.com/login/oauth/access_token [none]
[debug] [2023-02-04T20:58:04.453Z] >>> [apiv2][body] POST https://github.com/login/oauth/access_token [stream]
[debug] [2023-02-04T20:58:04.815Z] <<< [apiv2][status] POST https://github.com/login/oauth/access_token 200
[debug] [2023-02-04T20:58:04.816Z] <<< [apiv2][body] POST https://github.com/login/oauth/access_token {"access_token":"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","token_type":"bearer","scope":"read:user,repo"}
[debug] [2023-02-04T20:58:04.827Z] >>> [apiv2][query] GET https://api.github.com/user [none]
[debug] [2023-02-04T20:58:05.154Z] <<< [apiv2][status] GET https://api.github.com/user 200
[debug] [2023-02-04T20:58:05.155Z] <<< [apiv2][body] GET https://api.github.com/user {"login":"JUANLUNABLANCO","id":6147934,"node_id":"MDQ6VXNlcjYxNDc5MzQ=","avatar_url":"https://avatars.githubusercontent.com/u/6147934?v=4","gravatar_id":"","url":"https://api.github.com/users/JUANLUNABLANCO","html_url":"https://github.com/JUANLUNABLANCO","followers_url":"https://api.github.com/users/JUANLUNABLANCO/followers","following_url":"https://api.github.com/users/JUANLUNABLANCO/following{/other_user}","gists_url":"https://api.github.com/users/JUANLUNABLANCO/gists{/gist_id}","starred_url":"https://api.github.com/users/JUANLUNABLANCO/starred{/owner}{/repo}","subscriptions_url":"https://api.github.com/users/JUANLUNABLANCO/subscriptions","organizations_url":"https://api.github.com/users/JUANLUNABLANCO/orgs","repos_url":"https://api.github.com/users/JUANLUNABLANCO/repos","events_url":"https://api.github.com/users/JUANLUNABLANCO/events{/privacy}","received_events_url":"https://api.github.com/users/JUANLUNABLANCO/received_events","type":"User","site_admin":false,"name":"juanluna","company":null,"blog":"","location":null,"email":null,"hireable":null,"bio":null,"twitter_username":null,"public_repos":22,"public_gists":0,"followers":0,"following":1,"created_at":"2013-12-10T02:40:45Z","updated_at":"2022-12-26T21:51:19Z","private_gists":1,"total_private_repos":0,"owned_private_repos":0,"disk_usage":766101,"collaborators":0,"two_factor_authentication":false,"plan":{"name":"free","space":976562499,"collaborators":0,"private_repos":10000}}
[info] 
[info] +  Success! Logged into GitHub as JUANLUNABLANCO 
[info] 
